#
# There is insufficient memory for the Java Runtime Environment to continue.
# Native memory allocation (malloc) failed to allocate 984976 bytes for Chunk::new
# Possible reasons:
#   The system is out of physical RAM or swap space
#   The process is running with CompressedOops enabled, and the Java Heap may be blocking the growth of the native heap
# Possible solutions:
#   Reduce memory load on the system
#   Increase physical memory or swap space
#   Check if swap backing store is full
#   Decrease Java heap size (-Xmx/-Xms)
#   Decrease number of Java threads
#   Decrease Java thread stack sizes (-Xss)
#   Set larger code cache with -XX:ReservedCodeCacheSize=
#   JVM is running with Unscaled Compressed Oops mode in which the Java heap is
#     placed in the first 4GB address space. The Java Heap base address is the
#     maximum limit for the native heap growth. Please use -XX:HeapBaseMinAddress
#     to set the Java Heap base and to place the Java Heap above 4GB virtual address.
# This output file may be truncated or incomplete.
#
#  Out of Memory Error (arena.cpp:189), pid=27600, tid=4948
#
# JRE version: OpenJDK Runtime Environment (17.0.6) (build 17.0.6+0-b2043.56-9586694)
# Java VM: OpenJDK 64-Bit Server VM (17.0.6+0-b2043.56-9586694, mixed mode, tiered, compressed oops, compressed class ptrs, g1 gc, windows-amd64)
# No core dump will be written. Minidumps are not enabled by default on client versions of Windows
#

---------------  S U M M A R Y ------------

Command Line: org.jetbrains.kotlin.cli.jvm.K2JVMCompiler @C:\Users\91709\AndroidStudioProjects\MoneyTracker\app\build\20230622_2453339574602432348.compiler.options

Host: Intel(R) Core(TM) i7-10750H CPU @ 2.60GHz, 12 cores, 3G,  Windows 11 , 64 bit Build 22621 (10.0.22621.1778)
Time: Thu Jun 22 15:46:52 2023 India Standard Time elapsed time: 11.938711 seconds (0d 0h 0m 11s)

---------------  T H R E A D  ---------------

Current thread (0x0000023272e3d020):  JavaThread "C2 CompilerThread1" daemon [_thread_in_native, id=4948, stack(0x0000004d7cc00000,0x0000004d7cd00000)]


Current CompileTask:
C2:  11938 8861       4       jdk.internal.loader.BuiltinClassLoader::loadClassOrNull (7 bytes)

Stack: [0x0000004d7cc00000,0x0000004d7cd00000]
Native frames: (J=compiled Java code, j=interpreted, Vv=VM code, C=native code)
V  [jvm.dll+0x683b4a]
V  [jvm.dll+0x842654]
V  [jvm.dll+0x843dfe]
V  [jvm.dll+0x844463]
V  [jvm.dll+0x249b75]
V  [jvm.dll+0xabcac]
V  [jvm.dll+0xac27c]
V  [jvm.dll+0x368802]
V  [jvm.dll+0x332f31]
V  [jvm.dll+0x3323da]
V  [jvm.dll+0x21c201]
V  [jvm.dll+0x21b621]
V  [jvm.dll+0x1a4fdd]
V  [jvm.dll+0x22b098]
V  [jvm.dll+0x229159]
V  [jvm.dll+0x7f809c]
V  [jvm.dll+0x7f25fa]
V  [jvm.dll+0x682985]
C  [ucrtbase.dll+0x29363]
C  [KERNEL32.DLL+0x126ad]
C  [ntdll.dll+0x5a9f8]


---------------  P R O C E S S  ---------------

Threads class SMR info:
_java_thread_list=0x0000023273a8c3a0, length=13, elements={
0x0000023259dbd240, 0x0000023271866c40, 0x00000232718677f0, 0x00000232718c0140,
0x00000232718c0cf0, 0x00000232718c36b0, 0x00000232718c6070, 0x00000232718c6e00,
0x00000232718c78a0, 0x00000232718c8690, 0x000002327256c130, 0x000002327256ec20,
0x0000023272e3d020
}

Java Threads: ( => current thread )
  0x0000023259dbd240 JavaThread "main" [_thread_in_vm, id=30852, stack(0x0000004d7ae00000,0x0000004d7af00000)]
  0x0000023271866c40 JavaThread "Reference Handler" daemon [_thread_blocked, id=27156, stack(0x0000004d7b500000,0x0000004d7b600000)]
  0x00000232718677f0 JavaThread "Finalizer" daemon [_thread_blocked, id=6892, stack(0x0000004d7b600000,0x0000004d7b700000)]
  0x00000232718c0140 JavaThread "Signal Dispatcher" daemon [_thread_blocked, id=5456, stack(0x0000004d7b700000,0x0000004d7b800000)]
  0x00000232718c0cf0 JavaThread "Attach Listener" daemon [_thread_blocked, id=23732, stack(0x0000004d7b800000,0x0000004d7b900000)]
  0x00000232718c36b0 JavaThread "Service Thread" daemon [_thread_blocked, id=20660, stack(0x0000004d7b900000,0x0000004d7ba00000)]
  0x00000232718c6070 JavaThread "Monitor Deflation Thread" daemon [_thread_blocked, id=4980, stack(0x0000004d7ba00000,0x0000004d7bb00000)]
  0x00000232718c6e00 JavaThread "C2 CompilerThread0" daemon [_thread_in_native, id=26792, stack(0x0000004d7bb00000,0x0000004d7bc00000)]
  0x00000232718c78a0 JavaThread "C1 CompilerThread0" daemon [_thread_in_native, id=18500, stack(0x0000004d7bc00000,0x0000004d7bd00000)]
  0x00000232718c8690 JavaThread "Sweeper thread" daemon [_thread_blocked, id=2332, stack(0x0000004d7bd00000,0x0000004d7be00000)]
  0x000002327256c130 JavaThread "Notification Thread" daemon [_thread_blocked, id=1792, stack(0x0000004d7be00000,0x0000004d7bf00000)]
  0x000002327256ec20 JavaThread "Common-Cleaner" daemon [_thread_blocked, id=8088, stack(0x0000004d7c000000,0x0000004d7c100000)]
=>0x0000023272e3d020 JavaThread "C2 CompilerThread1" daemon [_thread_in_native, id=4948, stack(0x0000004d7cc00000,0x0000004d7cd00000)]

Other Threads:
  0x000002327185eb90 VMThread "VM Thread" [stack: 0x0000004d7b400000,0x0000004d7b500000] [id=28984]
  0x0000023259e0b820 WatcherThread [stack: 0x0000004d7bf00000,0x0000004d7c000000] [id=25012]
  0x0000023259df9610 GCTaskThread "GC Thread#0" [stack: 0x0000004d7af00000,0x0000004d7b000000] [id=11212]
  0x0000023272a5c5e0 GCTaskThread "GC Thread#1" [stack: 0x0000004d7c200000,0x0000004d7c300000] [id=30624]
  0x0000023272a5b870 GCTaskThread "GC Thread#2" [stack: 0x0000004d7c300000,0x0000004d7c400000] [id=21868]
  0x0000023272a5c330 GCTaskThread "GC Thread#3" [stack: 0x0000004d7c400000,0x0000004d7c500000] [id=20376]
  0x0000023272a5cb40 GCTaskThread "GC Thread#4" [stack: 0x0000004d7c500000,0x0000004d7c600000] [id=28636]
  0x0000023272a5bdd0 GCTaskThread "GC Thread#5" [stack: 0x0000004d7c600000,0x0000004d7c700000] [id=28628]
  0x0000023272a5b5c0 GCTaskThread "GC Thread#6" [stack: 0x0000004d7c700000,0x0000004d7c800000] [id=16912]
  0x0000023273a28050 GCTaskThread "GC Thread#7" [stack: 0x0000004d7c800000,0x0000004d7c900000] [id=28700]
  0x0000023273a29880 GCTaskThread "GC Thread#8" [stack: 0x0000004d7c900000,0x0000004d7ca00000] [id=15872]
  0x0000023273a2a090 GCTaskThread "GC Thread#9" [stack: 0x0000004d7c100000,0x0000004d7c200000] [id=4700]
  0x0000023259e02070 ConcurrentGCThread "G1 Main Marker" [stack: 0x0000004d7b000000,0x0000004d7b100000] [id=22632]
  0x0000023259e040d0 ConcurrentGCThread "G1 Conc#0" [stack: 0x0000004d7b100000,0x0000004d7b200000] [id=23156]
  0x0000023273a28860 ConcurrentGCThread "G1 Conc#1" [stack: 0x0000004d7ca00000,0x0000004d7cb00000] [id=23024]
  0x0000023273a29b30 ConcurrentGCThread "G1 Conc#2" [stack: 0x0000004d7cb00000,0x0000004d7cc00000] [id=18560]
  0x0000023259e719c0 ConcurrentGCThread "G1 Refine#0" [stack: 0x0000004d7b200000,0x0000004d7b300000] [id=17144]
  0x0000023259e72280 ConcurrentGCThread "G1 Service" [stack: 0x0000004d7b300000,0x0000004d7b400000] [id=18652]

Threads with active compile tasks:
C2 CompilerThread0    11978 8871       4       java.util.regex.Pattern::split (288 bytes)
C1 CompilerThread0    11978 8966       3       org.jetbrains.org.objectweb.asm.ClassReader::readCode (5089 bytes)
C2 CompilerThread1    11978 8861       4       jdk.internal.loader.BuiltinClassLoader::loadClassOrNull (7 bytes)

VM state: not at safepoint (normal execution)

VM Mutex/Monitor currently owned by a thread: None

Heap address: 0x00000000c3200000, size: 974 MB, Compressed Oops mode: 32-bit

CDS archive(s) not mapped
Compressed class space mapped at: 0x0000000100000000-0x0000000140000000, reserved size: 1073741824
Narrow klass base: 0x0000000000000000, Narrow klass shift: 3, Narrow klass range: 0x140000000

GC Precious Log:
 CPUs: 12 total, 12 available
 Memory: 3889M
 Large Page Support: Disabled
 NUMA Support: Disabled
 Compressed Oops: Enabled (32-bit)
 Heap Region Size: 1M
 Heap Min Capacity: 8M
 Heap Initial Capacity: 62M
 Heap Max Capacity: 974M
 Pre-touch: Disabled
 Parallel Workers: 10
 Concurrent Workers: 3
 Concurrent Refinement Workers: 10
 Periodic GC: Disabled

Heap:
 garbage-first heap   total 111616K, used 63793K [0x00000000c3200000, 0x0000000100000000)
  region size 1024K, 11 young (11264K), 5 survivors (5120K)
 Metaspace       used 64622K, committed 64896K, reserved 1105920K
  class space    used 7625K, committed 7744K, reserved 1048576K

Heap Regions: E=young(eden), S=young(survivor), O=old, HS=humongous(starts), HC=humongous(continues), CS=collection set, F=free, OA=open archive, CA=closed archive, TAMS=top-at-mark-start (previous, next)
|   0|0x00000000c3200000, 0x00000000c3300000, 0x00000000c3300000|100%|HS|  |TAMS 0x00000000c3300000, 0x00000000c3200000| Complete 
|   1|0x00000000c3300000, 0x00000000c3400000, 0x00000000c3400000|100%|HC|  |TAMS 0x00000000c3400000, 0x00000000c3300000| Complete 
|   2|0x00000000c3400000, 0x00000000c3500000, 0x00000000c3500000|100%|HC|  |TAMS 0x00000000c3500000, 0x00000000c3400000| Complete 
|   3|0x00000000c3500000, 0x00000000c3600000, 0x00000000c3600000|100%| O|  |TAMS 0x00000000c3600000, 0x00000000c3500000| Untracked 
|   4|0x00000000c3600000, 0x00000000c3700000, 0x00000000c3700000|100%| O|  |TAMS 0x00000000c3700000, 0x00000000c3600000| Untracked 
|   5|0x00000000c3700000, 0x00000000c3800000, 0x00000000c3800000|100%| O|  |TAMS 0x00000000c3800000, 0x00000000c3700000| Untracked 
|   6|0x00000000c3800000, 0x00000000c3900000, 0x00000000c3900000|100%| O|  |TAMS 0x00000000c3900000, 0x00000000c3800000| Untracked 
|   7|0x00000000c3900000, 0x00000000c3a00000, 0x00000000c3a00000|100%| O|  |TAMS 0x00000000c3a00000, 0x00000000c3900000| Untracked 
|   8|0x00000000c3a00000, 0x00000000c3b00000, 0x00000000c3b00000|100%| O|  |TAMS 0x00000000c3b00000, 0x00000000c3a00000| Untracked 
|   9|0x00000000c3b00000, 0x00000000c3c00000, 0x00000000c3c00000|100%| O|  |TAMS 0x00000000c3c00000, 0x00000000c3b00000| Untracked 
|  10|0x00000000c3c00000, 0x00000000c3d00000, 0x00000000c3d00000|100%|HS|  |TAMS 0x00000000c3d00000, 0x00000000c3c00000| Complete 
|  11|0x00000000c3d00000, 0x00000000c3e00000, 0x00000000c3e00000|100%|HC|  |TAMS 0x00000000c3e00000, 0x00000000c3d00000| Complete 
|  12|0x00000000c3e00000, 0x00000000c3f00000, 0x00000000c3f00000|100%|HC|  |TAMS 0x00000000c3f00000, 0x00000000c3e00000| Complete 
|  13|0x00000000c3f00000, 0x00000000c4000000, 0x00000000c4000000|100%| O|  |TAMS 0x00000000c4000000, 0x00000000c3f00000| Untracked 
|  14|0x00000000c4000000, 0x00000000c4100000, 0x00000000c4100000|100%|HS|  |TAMS 0x00000000c4100000, 0x00000000c4000000| Complete 
|  15|0x00000000c4100000, 0x00000000c4200000, 0x00000000c4200000|100%|HC|  |TAMS 0x00000000c4200000, 0x00000000c4100000| Complete 
|  16|0x00000000c4200000, 0x00000000c4300000, 0x00000000c4300000|100%| O|  |TAMS 0x00000000c4300000, 0x00000000c4200000| Untracked 
|  17|0x00000000c4300000, 0x00000000c4400000, 0x00000000c4400000|100%| O|  |TAMS 0x00000000c4400000, 0x00000000c4300000| Untracked 
|  18|0x00000000c4400000, 0x00000000c4500000, 0x00000000c4500000|100%| O|  |TAMS 0x00000000c4500000, 0x00000000c4400000| Untracked 
|  19|0x00000000c4500000, 0x00000000c4600000, 0x00000000c4600000|100%| O|  |TAMS 0x00000000c4600000, 0x00000000c4500000| Untracked 
|  20|0x00000000c4600000, 0x00000000c4700000, 0x00000000c4700000|100%| O|  |TAMS 0x00000000c4700000, 0x00000000c4600000| Untracked 
|  21|0x00000000c4700000, 0x00000000c474c600, 0x00000000c4800000| 29%| O|  |TAMS 0x00000000c4700000, 0x00000000c4700000| Untracked 
|  22|0x00000000c4800000, 0x00000000c4900000, 0x00000000c4900000|100%| O|  |TAMS 0x00000000c4900000, 0x00000000c4800000| Untracked 
|  23|0x00000000c4900000, 0x00000000c4a00000, 0x00000000c4a00000|100%| O|  |TAMS 0x00000000c4a00000, 0x00000000c4900000| Untracked 
|  24|0x00000000c4a00000, 0x00000000c4b00000, 0x00000000c4b00000|100%| O|  |TAMS 0x00000000c4b00000, 0x00000000c4a00000| Untracked 
|  25|0x00000000c4b00000, 0x00000000c4c00000, 0x00000000c4c00000|100%| O|  |TAMS 0x00000000c4c00000, 0x00000000c4b00000| Untracked 
|  26|0x00000000c4c00000, 0x00000000c4d00000, 0x00000000c4d00000|100%| O|  |TAMS 0x00000000c4d00000, 0x00000000c4c00000| Untracked 
|  27|0x00000000c4d00000, 0x00000000c4e00000, 0x00000000c4e00000|100%| O|  |TAMS 0x00000000c4e00000, 0x00000000c4d00000| Untracked 
|  28|0x00000000c4e00000, 0x00000000c4f00000, 0x00000000c4f00000|100%| O|  |TAMS 0x00000000c4f00000, 0x00000000c4e00000| Untracked 
|  29|0x00000000c4f00000, 0x00000000c5000000, 0x00000000c5000000|100%| O|  |TAMS 0x00000000c5000000, 0x00000000c4f00000| Untracked 
|  30|0x00000000c5000000, 0x00000000c5100000, 0x00000000c5100000|100%| O|  |TAMS 0x00000000c5100000, 0x00000000c5000000| Untracked 
|  31|0x00000000c5100000, 0x00000000c5200000, 0x00000000c5200000|100%| O|  |TAMS 0x00000000c5200000, 0x00000000c5100000| Untracked 
|  32|0x00000000c5200000, 0x00000000c5300000, 0x00000000c5300000|100%| O|  |TAMS 0x00000000c5300000, 0x00000000c5200000| Untracked 
|  33|0x00000000c5300000, 0x00000000c5400000, 0x00000000c5400000|100%| O|  |TAMS 0x00000000c5400000, 0x00000000c5300000| Untracked 
|  34|0x00000000c5400000, 0x00000000c5500000, 0x00000000c5500000|100%| O|  |TAMS 0x00000000c5500000, 0x00000000c5400000| Untracked 
|  35|0x00000000c5500000, 0x00000000c5600000, 0x00000000c5600000|100%| O|  |TAMS 0x00000000c5600000, 0x00000000c5500000| Untracked 
|  36|0x00000000c5600000, 0x00000000c5700000, 0x00000000c5700000|100%| O|  |TAMS 0x00000000c5700000, 0x00000000c5600000| Untracked 
|  37|0x00000000c5700000, 0x00000000c5800000, 0x00000000c5800000|100%| O|  |TAMS 0x00000000c5800000, 0x00000000c5700000| Untracked 
|  38|0x00000000c5800000, 0x00000000c5900000, 0x00000000c5900000|100%| O|  |TAMS 0x00000000c5900000, 0x00000000c5800000| Untracked 
|  39|0x00000000c5900000, 0x00000000c5a00000, 0x00000000c5a00000|100%| O|  |TAMS 0x00000000c5a00000, 0x00000000c5900000| Untracked 
|  40|0x00000000c5a00000, 0x00000000c5b00000, 0x00000000c5b00000|100%| O|  |TAMS 0x00000000c5b00000, 0x00000000c5a00000| Untracked 
|  41|0x00000000c5b00000, 0x00000000c5c00000, 0x00000000c5c00000|100%| O|  |TAMS 0x00000000c5c00000, 0x00000000c5b00000| Untracked 
|  42|0x00000000c5c00000, 0x00000000c5d00000, 0x00000000c5d00000|100%| O|  |TAMS 0x00000000c5d00000, 0x00000000c5c00000| Untracked 
|  43|0x00000000c5d00000, 0x00000000c5e00000, 0x00000000c5e00000|100%| O|  |TAMS 0x00000000c5e00000, 0x00000000c5d00000| Untracked 
|  44|0x00000000c5e00000, 0x00000000c5f00000, 0x00000000c5f00000|100%| O|  |TAMS 0x00000000c5f00000, 0x00000000c5e00000| Untracked 
|  45|0x00000000c5f00000, 0x00000000c6000000, 0x00000000c6000000|100%| O|  |TAMS 0x00000000c6000000, 0x00000000c5f00000| Untracked 
|  46|0x00000000c6000000, 0x00000000c6100000, 0x00000000c6100000|100%| O|  |TAMS 0x00000000c6100000, 0x00000000c6000000| Untracked 
|  47|0x00000000c6100000, 0x00000000c6200000, 0x00000000c6200000|100%| O|  |TAMS 0x00000000c6200000, 0x00000000c6100000| Complete 
|  48|0x00000000c6200000, 0x00000000c6200000, 0x00000000c6300000|  0%| F|  |TAMS 0x00000000c6200000, 0x00000000c6200000| Untracked 
|  49|0x00000000c6300000, 0x00000000c6400000, 0x00000000c6400000|100%| O|  |TAMS 0x00000000c6400000, 0x00000000c6300000| Untracked 
|  50|0x00000000c6400000, 0x00000000c6500000, 0x00000000c6500000|100%| O|  |TAMS 0x00000000c6500000, 0x00000000c6400000| Untracked 
|  51|0x00000000c6500000, 0x00000000c6600000, 0x00000000c6600000|100%| O|  |TAMS 0x00000000c6600000, 0x00000000c6500000| Untracked 
|  52|0x00000000c6600000, 0x00000000c6700000, 0x00000000c6700000|100%| O|  |TAMS 0x00000000c6700000, 0x00000000c6600000| Untracked 
|  53|0x00000000c6700000, 0x00000000c6800000, 0x00000000c6800000|100%| O|  |TAMS 0x00000000c67bbc00, 0x00000000c6700000| Untracked 
|  54|0x00000000c6800000, 0x00000000c6800000, 0x00000000c6900000|  0%| F|  |TAMS 0x00000000c6800000, 0x00000000c6800000| Untracked 
|  55|0x00000000c6900000, 0x00000000c6900000, 0x00000000c6a00000|  0%| F|  |TAMS 0x00000000c6900000, 0x00000000c6900000| Untracked 
|  56|0x00000000c6a00000, 0x00000000c6a00000, 0x00000000c6b00000|  0%| F|  |TAMS 0x00000000c6a00000, 0x00000000c6a00000| Untracked 
|  57|0x00000000c6b00000, 0x00000000c6b00000, 0x00000000c6c00000|  0%| F|  |TAMS 0x00000000c6b00000, 0x00000000c6b00000| Untracked 
|  58|0x00000000c6c00000, 0x00000000c6c00000, 0x00000000c6d00000|  0%| F|  |TAMS 0x00000000c6c00000, 0x00000000c6c00000| Untracked 
|  59|0x00000000c6d00000, 0x00000000c6d00000, 0x00000000c6e00000|  0%| F|  |TAMS 0x00000000c6d00000, 0x00000000c6d00000| Untracked 
|  60|0x00000000c6e00000, 0x00000000c6e00000, 0x00000000c6f00000|  0%| F|  |TAMS 0x00000000c6e00000, 0x00000000c6e00000| Untracked 
|  61|0x00000000c6f00000, 0x00000000c6f00000, 0x00000000c7000000|  0%| F|  |TAMS 0x00000000c6f00000, 0x00000000c6f00000| Untracked 
|  62|0x00000000c7000000, 0x00000000c7000000, 0x00000000c7100000|  0%| F|  |TAMS 0x00000000c7000000, 0x00000000c7000000| Untracked 
|  63|0x00000000c7100000, 0x00000000c7100000, 0x00000000c7200000|  0%| F|  |TAMS 0x00000000c7100000, 0x00000000c7100000| Untracked 
|  64|0x00000000c7200000, 0x00000000c7200000, 0x00000000c7300000|  0%| F|  |TAMS 0x00000000c7200000, 0x00000000c7200000| Untracked 
|  65|0x00000000c7300000, 0x00000000c7300000, 0x00000000c7400000|  0%| F|  |TAMS 0x00000000c7300000, 0x00000000c7300000| Untracked 
|  66|0x00000000c7400000, 0x00000000c7400000, 0x00000000c7500000|  0%| F|  |TAMS 0x00000000c7400000, 0x00000000c7400000| Untracked 
|  67|0x00000000c7500000, 0x00000000c7500000, 0x00000000c7600000|  0%| F|  |TAMS 0x00000000c7500000, 0x00000000c7500000| Untracked 
|  68|0x00000000c7600000, 0x00000000c7600000, 0x00000000c7700000|  0%| F|  |TAMS 0x00000000c7600000, 0x00000000c7600000| Untracked 
|  69|0x00000000c7700000, 0x00000000c7700000, 0x00000000c7800000|  0%| F|  |TAMS 0x00000000c7700000, 0x00000000c7700000| Untracked 
|  70|0x00000000c7800000, 0x00000000c7800000, 0x00000000c7900000|  0%| F|  |TAMS 0x00000000c7800000, 0x00000000c7800000| Untracked 
|  71|0x00000000c7900000, 0x00000000c7a00000, 0x00000000c7a00000|100%| S|CS|TAMS 0x00000000c7900000, 0x00000000c7900000| Complete 
|  72|0x00000000c7a00000, 0x00000000c7b00000, 0x00000000c7b00000|100%| S|CS|TAMS 0x00000000c7a00000, 0x00000000c7a00000| Complete 
|  73|0x00000000c7b00000, 0x00000000c7c00000, 0x00000000c7c00000|100%| S|CS|TAMS 0x00000000c7b00000, 0x00000000c7b00000| Complete 
|  74|0x00000000c7c00000, 0x00000000c7d00000, 0x00000000c7d00000|100%| S|CS|TAMS 0x00000000c7c00000, 0x00000000c7c00000| Complete 
|  75|0x00000000c7d00000, 0x00000000c7e00000, 0x00000000c7e00000|100%| S|CS|TAMS 0x00000000c7d00000, 0x00000000c7d00000| Complete 
|  76|0x00000000c7e00000, 0x00000000c7e00000, 0x00000000c7f00000|  0%| F|  |TAMS 0x00000000c7e00000, 0x00000000c7e00000| Untracked 
|  77|0x00000000c7f00000, 0x00000000c7f00000, 0x00000000c8000000|  0%| F|  |TAMS 0x00000000c7f00000, 0x00000000c7f00000| Untracked 
|  78|0x00000000c8000000, 0x00000000c8000000, 0x00000000c8100000|  0%| F|  |TAMS 0x00000000c8000000, 0x00000000c8000000| Untracked 
|  79|0x00000000c8100000, 0x00000000c8100000, 0x00000000c8200000|  0%| F|  |TAMS 0x00000000c8100000, 0x00000000c8100000| Untracked 
|  80|0x00000000c8200000, 0x00000000c8200000, 0x00000000c8300000|  0%| F|  |TAMS 0x00000000c8200000, 0x00000000c8200000| Untracked 
|  81|0x00000000c8300000, 0x00000000c8300000, 0x00000000c8400000|  0%| F|  |TAMS 0x00000000c8300000, 0x00000000c8300000| Untracked 
|  82|0x00000000c8400000, 0x00000000c8400000, 0x00000000c8500000|  0%| F|  |TAMS 0x00000000c8400000, 0x00000000c8400000| Untracked 
|  83|0x00000000c8500000, 0x00000000c8500000, 0x00000000c8600000|  0%| F|  |TAMS 0x00000000c8500000, 0x00000000c8500000| Untracked 
|  84|0x00000000c8600000, 0x00000000c8600000, 0x00000000c8700000|  0%| F|  |TAMS 0x00000000c8600000, 0x00000000c8600000| Untracked 
|  85|0x00000000c8700000, 0x00000000c8700000, 0x00000000c8800000|  0%| F|  |TAMS 0x00000000c8700000, 0x00000000c8700000| Untracked 
|  86|0x00000000c8800000, 0x00000000c8800000, 0x00000000c8900000|  0%| F|  |TAMS 0x00000000c8800000, 0x00000000c8800000| Untracked 
|  87|0x00000000c8900000, 0x00000000c8900000, 0x00000000c8a00000|  0%| F|  |TAMS 0x00000000c8900000, 0x00000000c8900000| Untracked 
|  88|0x00000000c8a00000, 0x00000000c8a00000, 0x00000000c8b00000|  0%| F|  |TAMS 0x00000000c8a00000, 0x00000000c8a00000| Untracked 
|  89|0x00000000c8b00000, 0x00000000c8b00000, 0x00000000c8c00000|  0%| F|  |TAMS 0x00000000c8b00000, 0x00000000c8b00000| Untracked 
|  90|0x00000000c8c00000, 0x00000000c8c00000, 0x00000000c8d00000|  0%| F|  |TAMS 0x00000000c8c00000, 0x00000000c8c00000| Untracked 
|  91|0x00000000c8d00000, 0x00000000c8d00000, 0x00000000c8e00000|  0%| F|  |TAMS 0x00000000c8d00000, 0x00000000c8d00000| Untracked 
|  92|0x00000000c8e00000, 0x00000000c8e00000, 0x00000000c8f00000|  0%| F|  |TAMS 0x00000000c8e00000, 0x00000000c8e00000| Untracked 
|  93|0x00000000c8f00000, 0x00000000c8f00000, 0x00000000c9000000|  0%| F|  |TAMS 0x00000000c8f00000, 0x00000000c8f00000| Untracked 
|  94|0x00000000c9000000, 0x00000000c9000000, 0x00000000c9100000|  0%| F|  |TAMS 0x00000000c9000000, 0x00000000c9000000| Untracked 
|  95|0x00000000c9100000, 0x00000000c9100000, 0x00000000c9200000|  0%| F|  |TAMS 0x00000000c9100000, 0x00000000c9100000| Untracked 
|  96|0x00000000c9200000, 0x00000000c9200000, 0x00000000c9300000|  0%| F|  |TAMS 0x00000000c9200000, 0x00000000c9200000| Untracked 
|  97|0x00000000c9300000, 0x00000000c9300000, 0x00000000c9400000|  0%| F|  |TAMS 0x00000000c9300000, 0x00000000c9300000| Untracked 
|  98|0x00000000c9400000, 0x00000000c9400000, 0x00000000c9500000|  0%| F|  |TAMS 0x00000000c9400000, 0x00000000c9400000| Untracked 
|  99|0x00000000c9500000, 0x00000000c9500000, 0x00000000c9600000|  0%| F|  |TAMS 0x00000000c9500000, 0x00000000c9500000| Untracked 
| 100|0x00000000c9600000, 0x00000000c9600000, 0x00000000c9700000|  0%| F|  |TAMS 0x00000000c9600000, 0x00000000c9600000| Untracked 
| 101|0x00000000c9700000, 0x00000000c9700000, 0x00000000c9800000|  0%| F|  |TAMS 0x00000000c9700000, 0x00000000c9700000| Untracked 
| 102|0x00000000c9800000, 0x00000000c9880800, 0x00000000c9900000| 50%| E|  |TAMS 0x00000000c9800000, 0x00000000c9800000| Complete 
| 103|0x00000000c9900000, 0x00000000c9a00000, 0x00000000c9a00000|100%| E|CS|TAMS 0x00000000c9900000, 0x00000000c9900000| Complete 
| 104|0x00000000c9a00000, 0x00000000c9b00000, 0x00000000c9b00000|100%| E|CS|TAMS 0x00000000c9a00000, 0x00000000c9a00000| Complete 
| 105|0x00000000c9b00000, 0x00000000c9c00000, 0x00000000c9c00000|100%| E|CS|TAMS 0x00000000c9b00000, 0x00000000c9b00000| Complete 
| 106|0x00000000c9c00000, 0x00000000c9d00000, 0x00000000c9d00000|100%| E|CS|TAMS 0x00000000c9c00000, 0x00000000c9c00000| Complete 
| 107|0x00000000c9d00000, 0x00000000c9e00000, 0x00000000c9e00000|100%| E|CS|TAMS 0x00000000c9d00000, 0x00000000c9d00000| Complete 
| 108|0x00000000c9e00000, 0x00000000c9f00000, 0x00000000c9f00000|100%| E|CS|TAMS 0x00000000c9e00000, 0x00000000c9e00000| Complete 

Card table byte_map: [0x000002326c9d0000,0x000002326cbc0000] _byte_map_base: 0x000002326c3b7000

Marking Bits (Prev, Next): (CMBitMap*) 0x0000023259df9c20, (CMBitMap*) 0x0000023259df9c60
 Prev Bits: [0x000002326cdb0000, 0x000002326dce8000)
 Next Bits: [0x000002326dcf0000, 0x000002326ec28000)

Polling page: 0x0000023257bf0000

Metaspace:

Usage:
  Non-class:     55.66 MB used.
      Class:      7.45 MB used.
       Both:     63.11 MB used.

Virtual space:
  Non-class space:       56.00 MB reserved,      55.81 MB (>99%) committed,  7 nodes.
      Class space:        1.00 GB reserved,       7.56 MB ( <1%) committed,  1 nodes.
             Both:        1.05 GB reserved,      63.38 MB (  6%) committed. 

Chunk freelists:
   Non-Class:  144.00 KB
       Class:  403.00 KB
        Both:  547.00 KB

MaxMetaspaceSize: unlimited
CompressedClassSpaceSize: 1.00 GB
Initial GC threshold: 21.00 MB
Current GC threshold: 103.25 MB
CDS: off
MetaspaceReclaimPolicy: balanced
 - commit_granule_bytes: 65536.
 - commit_granule_words: 8192.
 - virtual_space_node_default_size: 1048576.
 - enlarge_chunks_in_place: 1.
 - new_chunks_are_fully_committed: 0.
 - uncommit_free_chunks: 1.
 - use_allocation_guard: 0.
 - handle_deallocations: 1.


Internal statistics:

num_allocs_failed_limit: 3.
num_arena_births: 296.
num_arena_deaths: 0.
num_vsnodes_births: 8.
num_vsnodes_deaths: 0.
num_space_committed: 1012.
num_space_uncommitted: 0.
num_chunks_returned_to_freelist: 3.
num_chunks_taken_from_freelist: 2301.
num_chunk_merges: 3.
num_chunk_splits: 1815.
num_chunks_enlarged: 1593.
num_purges: 0.
num_inconsistent_stats: 0.

CodeHeap 'non-profiled nmethods': size=120000Kb used=3771Kb max_used=3771Kb free=116228Kb
 bounds [0x0000023264d50000, 0x0000023265100000, 0x000002326c280000]
CodeHeap 'profiled nmethods': size=120000Kb used=19738Kb max_used=19738Kb free=100261Kb
 bounds [0x000002325d280000, 0x000002325e5d0000, 0x00000232647b0000]
CodeHeap 'non-nmethods': size=5760Kb used=1302Kb max_used=1398Kb free=4457Kb
 bounds [0x00000232647b0000, 0x0000023264a20000, 0x0000023264d50000]
 total_blobs=8430 nmethods=7811 adapters=530
 compilation: enabled
              stopped_count=0, restarted_count=0
 full_count=0

Compilation events (20 events):
Event: 11.835 Thread 0x00000232718c78a0 8891       3       jdk.internal.org.objectweb.asm.MethodVisitor::visitMaxs (17 bytes)
Event: 11.836 Thread 0x00000232718c78a0 nmethod 8891 0x000002325e59c210 code [0x000002325e59c3c0, 0x000002325e59c5c8]
Event: 11.836 Thread 0x00000232718c78a0 8894       3       java.lang.invoke.InnerClassLambdaMetafactory::<init> (258 bytes)
Event: 11.840 Thread 0x00000232718c78a0 nmethod 8894 0x000002325e59c690 code [0x000002325e59caa0, 0x000002325e59e978]
Event: 11.840 Thread 0x00000232718c78a0 8895   !   3       java.lang.invoke.AbstractValidatingLambdaMetafactory::<init> (559 bytes)
Event: 11.850 Thread 0x00000232718c78a0 nmethod 8895 0x000002325e59f490 code [0x000002325e59fe20, 0x000002325e5a5ba8]
Event: 11.850 Thread 0x00000232718c78a0 8898       3       jdk.internal.org.objectweb.asm.ClassWriter::visit (160 bytes)
Event: 11.851 Thread 0x00000232718c78a0 nmethod 8898 0x000002325e5a7a10 code [0x000002325e5a7c40, 0x000002325e5a8478]
Event: 11.851 Thread 0x00000232718c78a0 8899       3       jdk.internal.org.objectweb.asm.SymbolTable::setMajorVersionAndClassName (19 bytes)
Event: 11.851 Thread 0x00000232718c78a0 nmethod 8899 0x000002325e5a8890 code [0x000002325e5a8a40, 0x000002325e5a8c48]
Event: 11.851 Thread 0x00000232718c78a0 8900       3       jdk.internal.org.objectweb.asm.SymbolTable::<init> (41 bytes)
Event: 11.852 Thread 0x00000232718c78a0 nmethod 8900 0x000002325e5a8d90 code [0x000002325e5a8f60, 0x000002325e5a94b8]
Event: 11.852 Thread 0x00000232718c78a0 8892       3       jdk.internal.org.objectweb.asm.MethodVisitor::visitEnd (15 bytes)
Event: 11.852 Thread 0x00000232718c78a0 nmethod 8892 0x000002325e5a9610 code [0x000002325e5a97c0, 0x000002325e5a99c8]
Event: 11.852 Thread 0x00000232718c78a0 8897       3       java.lang.invoke.AbstractValidatingLambdaMetafactory::isAdaptableToAsReturn (36 bytes)
Event: 11.852 Thread 0x00000232718c78a0 nmethod 8897 0x000002325e5a9a90 code [0x000002325e5a9c60, 0x000002325e5aa108]
Event: 11.852 Thread 0x00000232718c78a0 8896   !   3       java.lang.invoke.MethodHandles$Lookup::revealDirect (196 bytes)
Event: 11.854 Thread 0x00000232718c78a0 nmethod 8896 0x000002325e5aa290 code [0x000002325e5aa5e0, 0x000002325e5ab968]
Event: 11.854 Thread 0x00000232718c78a0 8893       3       java.lang.invoke.LambdaForm$DMH/0x0000000100338000::invokeStatic (31 bytes)
Event: 11.855 Thread 0x00000232718c78a0 nmethod 8893 0x000002325e5ac090 code [0x000002325e5ac260, 0x000002325e5ac6b8]

GC Heap History (20 events):
Event: 5.802 GC heap before
{Heap before GC invocations=11 (full 0):
 garbage-first heap   total 75776K, used 56320K [0x00000000c3200000, 0x0000000100000000)
  region size 1024K, 32 young (32768K), 4 survivors (4096K)
 Metaspace       used 48377K, committed 48640K, reserved 1097728K
  class space    used 5895K, committed 6016K, reserved 1048576K
}
Event: 5.813 GC heap after
{Heap after GC invocations=12 (full 0):
 garbage-first heap   total 75776K, used 30437K [0x00000000c3200000, 0x0000000100000000)
  region size 1024K, 3 young (3072K), 3 survivors (3072K)
 Metaspace       used 48377K, committed 48640K, reserved 1097728K
  class space    used 5895K, committed 6016K, reserved 1048576K
}
Event: 6.060 GC heap before
{Heap before GC invocations=12 (full 0):
 garbage-first heap   total 75776K, used 58085K [0x00000000c3200000, 0x0000000100000000)
  region size 1024K, 29 young (29696K), 3 survivors (3072K)
 Metaspace       used 48675K, committed 48896K, reserved 1097728K
  class space    used 5907K, committed 6016K, reserved 1048576K
}
Event: 6.074 GC heap after
{Heap after GC invocations=13 (full 0):
 garbage-first heap   total 75776K, used 33894K [0x00000000c3200000, 0x0000000100000000)
  region size 1024K, 4 young (4096K), 4 survivors (4096K)
 Metaspace       used 48675K, committed 48896K, reserved 1097728K
  class space    used 5907K, committed 6016K, reserved 1048576K
}
Event: 6.605 GC heap before
{Heap before GC invocations=13 (full 0):
 garbage-first heap   total 75776K, used 57446K [0x00000000c3200000, 0x0000000100000000)
  region size 1024K, 27 young (27648K), 4 survivors (4096K)
 Metaspace       used 50723K, committed 51008K, reserved 1097728K
  class space    used 6123K, committed 6272K, reserved 1048576K
}
Event: 6.619 GC heap after
{Heap after GC invocations=14 (full 0):
 garbage-first heap   total 75776K, used 35959K [0x00000000c3200000, 0x0000000100000000)
  region size 1024K, 4 young (4096K), 4 survivors (4096K)
 Metaspace       used 50723K, committed 51008K, reserved 1097728K
  class space    used 6123K, committed 6272K, reserved 1048576K
}
Event: 7.417 GC heap before
{Heap before GC invocations=14 (full 0):
 garbage-first heap   total 75776K, used 56439K [0x00000000c3200000, 0x0000000100000000)
  region size 1024K, 25 young (25600K), 4 survivors (4096K)
 Metaspace       used 54601K, committed 54912K, reserved 1097728K
  class space    used 6510K, committed 6656K, reserved 1048576K
}
Event: 7.434 GC heap after
{Heap after GC invocations=15 (full 0):
 garbage-first heap   total 92160K, used 39903K [0x00000000c3200000, 0x0000000100000000)
  region size 1024K, 4 young (4096K), 4 survivors (4096K)
 Metaspace       used 54601K, committed 54912K, reserved 1097728K
  class space    used 6510K, committed 6656K, reserved 1048576K
}
Event: 8.268 GC heap before
{Heap before GC invocations=15 (full 0):
 garbage-first heap   total 92160K, used 69599K [0x00000000c3200000, 0x0000000100000000)
  region size 1024K, 33 young (33792K), 4 survivors (4096K)
 Metaspace       used 55809K, committed 56128K, reserved 1105920K
  class space    used 6559K, committed 6720K, reserved 1048576K
}
Event: 8.296 GC heap after
{Heap after GC invocations=16 (full 0):
 garbage-first heap   total 92160K, used 45056K [0x00000000c3200000, 0x0000000100000000)
  region size 1024K, 5 young (5120K), 5 survivors (5120K)
 Metaspace       used 55809K, committed 56128K, reserved 1105920K
  class space    used 6559K, committed 6720K, reserved 1048576K
}
Event: 8.705 GC heap before
{Heap before GC invocations=16 (full 0):
 garbage-first heap   total 92160K, used 70656K [0x00000000c3200000, 0x0000000100000000)
  region size 1024K, 30 young (30720K), 5 survivors (5120K)
 Metaspace       used 56228K, committed 56512K, reserved 1105920K
  class space    used 6597K, committed 6720K, reserved 1048576K
}
Event: 8.727 GC heap after
{Heap after GC invocations=17 (full 0):
 garbage-first heap   total 92160K, used 48934K [0x00000000c3200000, 0x0000000100000000)
  region size 1024K, 4 young (4096K), 4 survivors (4096K)
 Metaspace       used 56228K, committed 56512K, reserved 1105920K
  class space    used 6597K, committed 6720K, reserved 1048576K
}
Event: 8.905 GC heap before
{Heap before GC invocations=17 (full 0):
 garbage-first heap   total 92160K, used 71462K [0x00000000c3200000, 0x0000000100000000)
  region size 1024K, 26 young (26624K), 4 survivors (4096K)
 Metaspace       used 56967K, committed 57280K, reserved 1105920K
  class space    used 6689K, committed 6848K, reserved 1048576K
}
Event: 8.912 GC heap after
{Heap after GC invocations=18 (full 0):
 garbage-first heap   total 92160K, used 49745K [0x00000000c3200000, 0x0000000100000000)
  region size 1024K, 1 young (1024K), 1 survivors (1024K)
 Metaspace       used 56967K, committed 57280K, reserved 1105920K
  class space    used 6689K, committed 6848K, reserved 1048576K
}
Event: 9.940 GC heap before
{Heap before GC invocations=19 (full 0):
 garbage-first heap   total 92160K, used 73297K [0x00000000c3200000, 0x0000000100000000)
  region size 1024K, 24 young (24576K), 1 survivors (1024K)
 Metaspace       used 59888K, committed 60160K, reserved 1105920K
  class space    used 7028K, committed 7168K, reserved 1048576K
}
Event: 9.955 GC heap after
{Heap after GC invocations=20 (full 0):
 garbage-first heap   total 92160K, used 54272K [0x00000000c3200000, 0x0000000100000000)
  region size 1024K, 3 young (3072K), 3 survivors (3072K)
 Metaspace       used 59888K, committed 60160K, reserved 1105920K
  class space    used 7028K, committed 7168K, reserved 1048576K
}
Event: 9.963 GC heap before
{Heap before GC invocations=20 (full 0):
 garbage-first heap   total 92160K, used 55296K [0x00000000c3200000, 0x0000000100000000)
  region size 1024K, 4 young (4096K), 3 survivors (3072K)
 Metaspace       used 59895K, committed 60160K, reserved 1105920K
  class space    used 7028K, committed 7168K, reserved 1048576K
}
Event: 9.977 GC heap after
{Heap after GC invocations=21 (full 0):
 garbage-first heap   total 111616K, used 54624K [0x00000000c3200000, 0x0000000100000000)
  region size 1024K, 1 young (1024K), 1 survivors (1024K)
 Metaspace       used 59895K, committed 60160K, reserved 1105920K
  class space    used 7028K, committed 7168K, reserved 1048576K
}
Event: 11.556 GC heap before
{Heap before GC invocations=21 (full 0):
 garbage-first heap   total 111616K, used 87392K [0x00000000c3200000, 0x0000000100000000)
  region size 1024K, 33 young (33792K), 1 survivors (1024K)
 Metaspace       used 62650K, committed 62912K, reserved 1105920K
  class space    used 7294K, committed 7424K, reserved 1048576K
}
Event: 11.577 GC heap after
{Heap after GC invocations=22 (full 0):
 garbage-first heap   total 111616K, used 59697K [0x00000000c3200000, 0x0000000100000000)
  region size 1024K, 5 young (5120K), 5 survivors (5120K)
 Metaspace       used 62650K, committed 62912K, reserved 1105920K
  class space    used 7294K, committed 7424K, reserved 1048576K
}

Dll operation events (2 events):
Event: 0.026 Loaded shared library C:\Program Files\Android\Android Studio\jbr\bin\java.dll
Event: 1.624 Loaded shared library C:\Program Files\Android\Android Studio\jbr\bin\verify.dll

Deoptimization events (20 events):
Event: 11.684 Thread 0x0000023259dbd240 Uncommon trap: trap_request=0xffffffc6 fr.pc=0x0000023265070a90 relative=0x00000000000001d0
Event: 11.684 Thread 0x0000023259dbd240 Uncommon trap: reason=bimorphic_or_optimized_type_check action=maybe_recompile pc=0x0000023265070a90 method=gnu.trove.TIntObjectHashMap.index(I)I @ 28 c2
Event: 11.684 Thread 0x0000023259dbd240 DEOPT PACKING pc=0x0000023265070a90 sp=0x0000004d7aef9980
Event: 11.684 Thread 0x0000023259dbd240 DEOPT UNPACKING pc=0x00000232648069a3 sp=0x0000004d7aef98f8 mode 2
Event: 11.684 Thread 0x0000023259dbd240 Uncommon trap: trap_request=0xffffffc6 fr.pc=0x0000023265070a90 relative=0x00000000000001d0
Event: 11.684 Thread 0x0000023259dbd240 Uncommon trap: reason=bimorphic_or_optimized_type_check action=maybe_recompile pc=0x0000023265070a90 method=gnu.trove.TIntObjectHashMap.index(I)I @ 28 c2
Event: 11.684 Thread 0x0000023259dbd240 DEOPT PACKING pc=0x0000023265070a90 sp=0x0000004d7aef9ab0
Event: 11.684 Thread 0x0000023259dbd240 DEOPT UNPACKING pc=0x00000232648069a3 sp=0x0000004d7aef9a28 mode 2
Event: 11.684 Thread 0x0000023259dbd240 Uncommon trap: trap_request=0xffffffc6 fr.pc=0x0000023265070a90 relative=0x00000000000001d0
Event: 11.685 Thread 0x0000023259dbd240 Uncommon trap: reason=bimorphic_or_optimized_type_check action=maybe_recompile pc=0x0000023265070a90 method=gnu.trove.TIntObjectHashMap.index(I)I @ 28 c2
Event: 11.685 Thread 0x0000023259dbd240 DEOPT PACKING pc=0x0000023265070a90 sp=0x0000004d7aef9a40
Event: 11.685 Thread 0x0000023259dbd240 DEOPT UNPACKING pc=0x00000232648069a3 sp=0x0000004d7aef99b8 mode 2
Event: 11.736 Thread 0x0000023259dbd240 Uncommon trap: trap_request=0xffffffde fr.pc=0x00000232650dc980 relative=0x0000000000000ae0
Event: 11.736 Thread 0x0000023259dbd240 Uncommon trap: reason=class_check action=maybe_recompile pc=0x00000232650dc980 method=org.jetbrains.kotlin.com.intellij.extapi.psi.StubBasedPsiElementBase.getStubOrPsiChildren(Lorg/jetbrains/kotlin/com/intellij/psi/tree/TokenSet;Lorg/jetbrains/kotlin/com/
Event: 11.736 Thread 0x0000023259dbd240 DEOPT PACKING pc=0x00000232650dc980 sp=0x0000004d7aef99d0
Event: 11.737 Thread 0x0000023259dbd240 DEOPT UNPACKING pc=0x00000232648069a3 sp=0x0000004d7aef99b8 mode 2
Event: 11.742 Thread 0x0000023259dbd240 Uncommon trap: trap_request=0xffffffde fr.pc=0x00000232650dc980 relative=0x0000000000000ae0
Event: 11.742 Thread 0x0000023259dbd240 Uncommon trap: reason=class_check action=maybe_recompile pc=0x00000232650dc980 method=org.jetbrains.kotlin.com.intellij.extapi.psi.StubBasedPsiElementBase.getStubOrPsiChildren(Lorg/jetbrains/kotlin/com/intellij/psi/tree/TokenSet;Lorg/jetbrains/kotlin/com/
Event: 11.742 Thread 0x0000023259dbd240 DEOPT PACKING pc=0x00000232650dc980 sp=0x0000004d7aef99d0
Event: 11.742 Thread 0x0000023259dbd240 DEOPT UNPACKING pc=0x00000232648069a3 sp=0x0000004d7aef99b8 mode 2

Classes unloaded (0 events):
No events

Classes redefined (0 events):
No events

Internal exceptions (20 events):
Event: 6.865 Thread 0x0000023259dbd240 Exception <a 'java/lang/NoSuchMethodError'{0x00000000c762ba78}: 'java.lang.Object java.lang.invoke.Invokers$Holder.linkToTargetMethod(java.lang.Object, java.lang.Object, java.lang.Object, java.lang.Object, java.lang.Object, java.lang.Object, java.lang.Object, java.lang.Object)'> (0x00000000c762ba78) 
thrown [s\src\hotspot\share\interpreter\linkResolver.cpp, line 771]
Event: 7.479 Thread 0x0000023259dbd240 Exception <a 'java/lang/NoSuchMethodError'{0x00000000c8a1f998}: 'java.lang.Object java.lang.invoke.DirectMethodHandle$Holder.invokeStaticInit(java.lang.Object, java.lang.Object, java.lang.Object)'> (0x00000000c8a1f998) 
thrown [s\src\hotspot\share\interpreter\linkResolver.cpp, line 771]
Event: 8.095 Thread 0x0000023259dbd240 Implicit null exception at 0x0000023264da200c to 0x0000023264da22a0
Event: 8.095 Thread 0x0000023259dbd240 Implicit null exception at 0x0000023264dee58f to 0x0000023264dee7fc
Event: 8.475 Thread 0x0000023259dbd240 Exception <a 'java/lang/NoSuchMethodError'{0x00000000c8266f78}: 'int java.lang.invoke.DirectMethodHandle$Holder.invokeInterface(java.lang.Object, java.lang.Object)'> (0x00000000c8266f78) 
thrown [s\src\hotspot\share\interpreter\linkResolver.cpp, line 771]
Event: 8.532 Thread 0x0000023259dbd240 Exception <a 'java/lang/NoSuchMethodError'{0x00000000c7f39d70}: 'java.lang.Object java.lang.invoke.DirectMethodHandle$Holder.newInvokeSpecial(java.lang.Object, int, java.lang.Object)'> (0x00000000c7f39d70) 
thrown [s\src\hotspot\share\interpreter\linkResolver.cpp, line 771]
Event: 8.884 Thread 0x0000023259dbd240 Exception <a 'java/lang/NoSuchMethodError'{0x00000000c7618ab0}: 'java.lang.Object java.lang.invoke.DirectMethodHandle$Holder.newInvokeSpecial(java.lang.Object, java.lang.Object, java.lang.Object, java.lang.Object, java.lang.Object, java.lang.Object)'> (0x00000000c7618ab0) 
thrown [s\src\hotspot\share\interpreter\linkResolver.cpp, line 771]
Event: 8.987 Thread 0x0000023259dbd240 Exception <a 'java/lang/NoSuchMethodError'{0x00000000c8abe3e0}: 'int java.lang.invoke.DirectMethodHandle$Holder.invokeStaticInit(java.lang.Object, int)'> (0x00000000c8abe3e0) 
thrown [s\src\hotspot\share\interpreter\linkResolver.cpp, line 771]
Event: 9.069 Thread 0x0000023259dbd240 Implicit null exception at 0x0000023264ef21cc to 0x0000023264ef22c0
Event: 9.311 Thread 0x0000023259dbd240 Implicit null exception at 0x0000023264f3a043 to 0x0000023264f3be6c
Event: 9.311 Thread 0x0000023259dbd240 Implicit null exception at 0x0000023264db3e60 to 0x0000023264db3efa
Event: 9.364 Thread 0x0000023259dbd240 Exception <a 'java/lang/NoSuchMethodError'{0x00000000c8176c98}: 'java.lang.Object java.lang.invoke.DirectMethodHandle$Holder.newInvokeSpecial(java.lang.Object, java.lang.Object, java.lang.Object, java.lang.Object, java.lang.Object, java.lang.Object, java.lang.Object)'> (0x00000000c8176c98) 
thrown [s\src\hotspot\share\interpreter\linkResolver.cpp, line 771]
Event: 9.364 Thread 0x0000023259dbd240 Exception <a 'java/lang/NoSuchMethodError'{0x00000000c817b850}: 'java.lang.Object java.lang.invoke.Invokers$Holder.linkToTargetMethod(java.lang.Object, java.lang.Object, java.lang.Object, java.lang.Object, java.lang.Object, java.lang.Object, java.lang.Object)'> (0x00000000c817b850) 
thrown [s\src\hotspot\share\interpreter\linkResolver.cpp, line 771]
Event: 10.238 Thread 0x0000023259dbd240 Exception <a 'java/lang/NoSuchMethodError'{0x00000000c96a43a0}: 'java.lang.Object java.lang.invoke.DirectMethodHandle$Holder.invokeInterface(java.lang.Object, java.lang.Object, java.lang.Object)'> (0x00000000c96a43a0) 
thrown [s\src\hotspot\share\interpreter\linkResolver.cpp, line 771]
Event: 10.239 Thread 0x0000023259dbd240 Exception <a 'java/lang/IncompatibleClassChangeError'{0x00000000c96a8260}: Found class java.lang.Object, but interface was expected> (0x00000000c96a8260) 
thrown [s\src\hotspot\share\interpreter\linkResolver.cpp, line 838]
Event: 11.473 Thread 0x0000023259dbd240 Exception <a 'java/lang/NoSuchMethodError'{0x00000000c7fa4770}: 'int java.lang.invoke.DirectMethodHandle$Holder.invokeVirtual(java.lang.Object, java.lang.Object, java.lang.Object)'> (0x00000000c7fa4770) 
thrown [s\src\hotspot\share\interpreter\linkResolver.cpp, line 771]
Event: 11.708 Thread 0x0000023259dbd240 Exception <a 'java/lang/NoSuchMethodError'{0x00000000c9c4e638}: 'java.lang.Object java.lang.invoke.DirectMethodHandle$Holder.invokeStatic(java.lang.Object, java.lang.Object, java.lang.Object, java.lang.Object, int)'> (0x00000000c9c4e638) 
thrown [s\src\hotspot\share\interpreter\linkResolver.cpp, line 771]
Event: 11.710 Thread 0x0000023259dbd240 Exception <a 'java/lang/NoSuchMethodError'{0x00000000c9c58320}: 'java.lang.Object java.lang.invoke.DirectMethodHandle$Holder.newInvokeSpecial(java.lang.Object, java.lang.Object, java.lang.Object, java.lang.Object, int)'> (0x00000000c9c58320) 
thrown [s\src\hotspot\share\interpreter\linkResolver.cpp, line 771]
Event: 11.710 Thread 0x0000023259dbd240 Exception <a 'java/lang/NoSuchMethodError'{0x00000000c9c5ce50}: 'java.lang.Object java.lang.invoke.DirectMethodHandle$Holder.invokeSpecial(java.lang.Object, java.lang.Object, java.lang.Object, java.lang.Object, java.lang.Object, int)'> (0x00000000c9c5ce50) 
thrown [s\src\hotspot\share\interpreter\linkResolver.cpp, line 771]
Event: 11.711 Thread 0x0000023259dbd240 Exception <a 'java/lang/NoSuchMethodError'{0x00000000c9c61330}: 'java.lang.Object java.lang.invoke.Invokers$Holder.linkToTargetMethod(java.lang.Object, java.lang.Object, java.lang.Object, int, java.lang.Object)'> (0x00000000c9c61330) 
thrown [s\src\hotspot\share\interpreter\linkResolver.cpp, line 771]

VM Operations (20 events):
Event: 11.555 Executing VM operation: G1CollectForAllocation
Event: 11.577 Executing VM operation: G1CollectForAllocation done
Event: 11.620 Executing VM operation: HandshakeAllThreads
Event: 11.620 Executing VM operation: HandshakeAllThreads done
Event: 11.630 Executing VM operation: G1Concurrent
Event: 11.645 Executing VM operation: G1Concurrent done
Event: 11.656 Executing VM operation: HandshakeAllThreads
Event: 11.656 Executing VM operation: HandshakeAllThreads done
Event: 11.669 Executing VM operation: G1Concurrent
Event: 11.669 Executing VM operation: G1Concurrent done
Event: 11.679 Executing VM operation: HandshakeAllThreads
Event: 11.679 Executing VM operation: HandshakeAllThreads done
Event: 11.694 Executing VM operation: HandshakeAllThreads
Event: 11.694 Executing VM operation: HandshakeAllThreads done
Event: 11.698 Executing VM operation: HandshakeAllThreads
Event: 11.698 Executing VM operation: HandshakeAllThreads done
Event: 11.811 Executing VM operation: HandshakeAllThreads
Event: 11.811 Executing VM operation: HandshakeAllThreads done
Event: 11.820 Executing VM operation: HandshakeAllThreads
Event: 11.821 Executing VM operation: HandshakeAllThreads done

Events (20 events):
Event: 9.151 Thread 0x00000232718c8690 flushing nmethod 0x000002325dfc3290
Event: 9.151 Thread 0x00000232718c8690 flushing nmethod 0x000002325dfc4d10
Event: 9.151 Thread 0x00000232718c8690 flushing nmethod 0x000002325dfc5390
Event: 9.151 Thread 0x00000232718c8690 flushing nmethod 0x000002325dfc5790
Event: 9.151 Thread 0x00000232718c8690 flushing nmethod 0x000002325dfc5c90
Event: 9.151 Thread 0x00000232718c8690 flushing nmethod 0x000002325dfc6f90
Event: 9.151 Thread 0x00000232718c8690 flushing nmethod 0x000002325dfc8290
Event: 9.151 Thread 0x00000232718c8690 flushing nmethod 0x000002325dfca110
Event: 9.151 Thread 0x00000232718c8690 flushing nmethod 0x000002325dfcc490
Event: 9.151 Thread 0x00000232718c8690 flushing nmethod 0x000002325dfcd990
Event: 9.151 Thread 0x00000232718c8690 flushing nmethod 0x000002325dfce890
Event: 9.151 Thread 0x00000232718c8690 flushing nmethod 0x000002325dfd0090
Event: 9.151 Thread 0x00000232718c8690 flushing nmethod 0x000002325dfd6710
Event: 9.151 Thread 0x00000232718c8690 flushing nmethod 0x000002325dfd7390
Event: 9.151 Thread 0x00000232718c8690 flushing nmethod 0x000002325dfd8410
Event: 9.151 Thread 0x00000232718c8690 flushing nmethod 0x000002325dfd8b90
Event: 9.151 Thread 0x00000232718c8690 flushing nmethod 0x000002325dfd9f90
Event: 11.277 Thread 0x00000232718c8690 flushing nmethod 0x0000023264ef2010
Event: 11.277 Thread 0x00000232718c8690 flushing nmethod 0x0000023264fafe10
Event: 11.301 Thread 0x00000232718c8690 flushing nmethod 0x000002325dfd1010


Dynamic libraries:
0x00007ff7c5790000 - 0x00007ff7c579a000 	C:\Program Files\Android\Android Studio\jbr\bin\java.exe
0x00007ffcb39b0000 - 0x00007ffcb3bc4000 	C:\WINDOWS\SYSTEM32\ntdll.dll
0x00007ffcb2830000 - 0x00007ffcb28f2000 	C:\WINDOWS\System32\KERNEL32.DLL
0x00007ffcb0ed0000 - 0x00007ffcb1273000 	C:\WINDOWS\System32\KERNELBASE.dll
0x00007ffcb0db0000 - 0x00007ffcb0ec1000 	C:\WINDOWS\System32\ucrtbase.dll
0x00007ffc99a30000 - 0x00007ffc99a47000 	C:\Program Files\Android\Android Studio\jbr\bin\jli.dll
0x00007ffc8ff50000 - 0x00007ffc8ff6b000 	C:\Program Files\Android\Android Studio\jbr\bin\VCRUNTIME140.dll
0x00007ffcb2090000 - 0x00007ffcb223b000 	C:\WINDOWS\System32\USER32.dll
0x00007ffcb1280000 - 0x00007ffcb12a6000 	C:\WINDOWS\System32\win32u.dll
0x00007ffcaffe0000 - 0x00007ffcb026e000 	C:\WINDOWS\WinSxS\amd64_microsoft.windows.common-controls_6595b64144ccf1df_6.0.22621.1635_none_270f70857386168e\COMCTL32.dll
0x00007ffcb2b70000 - 0x00007ffcb2b99000 	C:\WINDOWS\System32\GDI32.dll
0x00007ffcb2780000 - 0x00007ffcb2827000 	C:\WINDOWS\System32\msvcrt.dll
0x00007ffcb15b0000 - 0x00007ffcb16c9000 	C:\WINDOWS\System32\gdi32full.dll
0x00007ffcb1420000 - 0x00007ffcb14ba000 	C:\WINDOWS\System32\msvcp_win.dll
0x00007ffcb2320000 - 0x00007ffcb2351000 	C:\WINDOWS\System32\IMM32.DLL
0x00007ffc9adf0000 - 0x00007ffc9adfc000 	C:\Program Files\Android\Android Studio\jbr\bin\vcruntime140_1.dll
0x00007ffc85250000 - 0x00007ffc852dd000 	C:\Program Files\Android\Android Studio\jbr\bin\msvcp140.dll
0x00007ffc5f980000 - 0x00007ffc605ed000 	C:\Program Files\Android\Android Studio\jbr\bin\server\jvm.dll
0x00007ffcb2d40000 - 0x00007ffcb2dee000 	C:\WINDOWS\System32\ADVAPI32.dll
0x00007ffcb2e30000 - 0x00007ffcb2ed4000 	C:\WINDOWS\System32\sechost.dll
0x00007ffcb2660000 - 0x00007ffcb2777000 	C:\WINDOWS\System32\RPCRT4.dll
0x00007ffc8de50000 - 0x00007ffc8de59000 	C:\WINDOWS\SYSTEM32\WSOCK32.dll
0x00007ffcb2a40000 - 0x00007ffcb2ab1000 	C:\WINDOWS\System32\WS2_32.dll
0x00007ffca5a30000 - 0x00007ffca5a64000 	C:\WINDOWS\SYSTEM32\WINMM.dll
0x00007ffcaf070000 - 0x00007ffcaf07a000 	C:\WINDOWS\SYSTEM32\VERSION.dll
0x00007ffcaef50000 - 0x00007ffcaef68000 	C:\WINDOWS\SYSTEM32\kernel.appcore.dll
0x00007ffcab3c0000 - 0x00007ffcab3ca000 	C:\Program Files\Android\Android Studio\jbr\bin\jimage.dll
0x00007ffcb06e0000 - 0x00007ffcb090e000 	C:\WINDOWS\SYSTEM32\DBGHELP.DLL
0x00007ffcb2ee0000 - 0x00007ffcb3269000 	C:\WINDOWS\System32\combase.dll
0x00007ffcb2240000 - 0x00007ffcb2317000 	C:\WINDOWS\System32\OLEAUT32.dll
0x00007ffcb0580000 - 0x00007ffcb05b2000 	C:\WINDOWS\SYSTEM32\dbgcore.DLL
0x00007ffcb14c0000 - 0x00007ffcb153b000 	C:\WINDOWS\System32\bcryptPrimitives.dll
0x00007ffca7cb0000 - 0x00007ffca7cd5000 	C:\Program Files\Android\Android Studio\jbr\bin\java.dll
0x00007ffcab350000 - 0x00007ffcab368000 	C:\Program Files\Android\Android Studio\jbr\bin\zip.dll
0x00007ffcb1890000 - 0x00007ffcb208a000 	C:\WINDOWS\System32\SHELL32.dll
0x00007ffcade60000 - 0x00007ffcae72e000 	C:\WINDOWS\SYSTEM32\windows.storage.dll
0x00007ffcadd20000 - 0x00007ffcade5e000 	C:\WINDOWS\SYSTEM32\wintypes.dll
0x00007ffcb1790000 - 0x00007ffcb1881000 	C:\WINDOWS\System32\SHCORE.dll
0x00007ffcb2360000 - 0x00007ffcb23be000 	C:\WINDOWS\System32\shlwapi.dll
0x00007ffcb0ce0000 - 0x00007ffcb0d01000 	C:\WINDOWS\SYSTEM32\profapi.dll
0x00007ffca71e0000 - 0x00007ffca71f9000 	C:\Program Files\Android\Android Studio\jbr\bin\net.dll
0x00007ffca7090000 - 0x00007ffca71c7000 	C:\WINDOWS\SYSTEM32\WINHTTP.dll
0x00007ffcafbf0000 - 0x00007ffcafc59000 	C:\WINDOWS\system32\mswsock.dll
0x00007ffca5b50000 - 0x00007ffca5b66000 	C:\Program Files\Android\Android Studio\jbr\bin\nio.dll
0x00007ffc9e880000 - 0x00007ffc9e890000 	C:\Program Files\Android\Android Studio\jbr\bin\verify.dll

dbghelp: loaded successfully - version: 4.0.5 - missing functions: none
symbol engine: initialized successfully - sym options: 0x614 - pdb path: .;C:\Program Files\Android\Android Studio\jbr\bin;C:\WINDOWS\SYSTEM32;C:\WINDOWS\WinSxS\amd64_microsoft.windows.common-controls_6595b64144ccf1df_6.0.22621.1635_none_270f70857386168e;C:\Program Files\Android\Android Studio\jbr\bin\server

VM Arguments:
java_command: org.jetbrains.kotlin.cli.jvm.K2JVMCompiler @C:\Users\91709\AndroidStudioProjects\MoneyTracker\app\build\20230622_2453339574602432348.compiler.options
java_class_path (initial): C:\Users\91709\.gradle\caches\modules-2\files-2.1\org.jetbrains.kotlin\kotlin-compiler-embeddable\1.7.0\4d09852239f61842072b40b524882fa3caaed371\kotlin-compiler-embeddable-1.7.0.jar;C:\Users\91709\.gradle\caches\modules-2\files-2.1\org.jetbrains.kotlin\kotlin-reflect\1.7.0\e660b0079fdaf744dc9cc7f6f3aa3c761ec839b0\kotlin-reflect-1.7.0.jar;C:\Users\91709\.gradle\caches\modules-2\files-2.1\org.jetbrains.kotlin\kotlin-stdlib\1.7.0\a5f42c684ad9003160ef0d0f693ecf0ba7b13549\kotlin-stdlib-1.7.0.jar;C:\Users\91709\.gradle\caches\modules-2\files-2.1\org.jetbrains.kotlin\kotlin-script-runtime\1.7.0\3acea1d447587e61bc3e1b3ed6227d9e9ed4ddf1\kotlin-script-runtime-1.7.0.jar;C:\Users\91709\.gradle\caches\modules-2\files-2.1\org.jetbrains.kotlin\kotlin-daemon-embeddable\1.7.0\fd56798de80825c673ac93808284c5198ffa2b50\kotlin-daemon-embeddable-1.7.0.jar;C:\Users\91709\.gradle\caches\modules-2\files-2.1\org.jetbrains.intellij.deps\trove4j\1.0.20200330\3afb14d5f9ceb459d724e907a21145e8ff394f02\trove4j-1.0.20200330.jar;C:\Users\91709\.gradle\caches\modules-2\files-2.1\net.java.dev.jna\jna\5.6.0\330f2244e9030119ab3030fc3fededc86713d9cc\jna-5.6.0.jar;C:\Users\91709\.gradle\caches\modules-2\files-2.1\org.jetbrains.kotlin\kotlin-stdlib-common\1.7.0\51736992f422993a1e741051bdf3c12801bc1ca1\kotlin-stdlib-common-1.7.0.jar;C:\Users\91709\.gradle\caches\modules-2\files-2.1\org.jetbrains\annotations\13.0\919f0dfe192fb4e063e7dacadee7f8bb9a2672a9\annotations-13.0.jar
Launcher Type: SUN_STANDARD

[Global flags]
     intx CICompilerCount                          = 4                                         {product} {ergonomic}
     uint ConcGCThreads                            = 3                                         {product} {ergonomic}
     uint G1ConcRefinementThreads                  = 10                                        {product} {ergonomic}
   size_t G1HeapRegionSize                         = 1048576                                   {product} {ergonomic}
    uintx GCDrainStackTargetSize                   = 64                                        {product} {ergonomic}
   size_t InitialHeapSize                          = 65011712                                  {product} {ergonomic}
   size_t MarkStackSize                            = 4194304                                   {product} {ergonomic}
   size_t MaxHeapSize                              = 1021313024                                {product} {ergonomic}
   size_t MaxNewSize                               = 612368384                                 {product} {ergonomic}
   size_t MinHeapDeltaBytes                        = 1048576                                   {product} {ergonomic}
   size_t MinHeapSize                              = 8388608                                   {product} {ergonomic}
    uintx NonNMethodCodeHeapSize                   = 5839372                                {pd product} {ergonomic}
    uintx NonProfiledCodeHeapSize                  = 122909434                              {pd product} {ergonomic}
    uintx ProfiledCodeHeapSize                     = 122909434                              {pd product} {ergonomic}
    uintx ReservedCodeCacheSize                    = 251658240                              {pd product} {ergonomic}
     bool SegmentedCodeCache                       = true                                      {product} {ergonomic}
   size_t SoftMaxHeapSize                          = 1021313024                             {manageable} {ergonomic}
     bool UseCompressedClassPointers               = true                           {product lp64_product} {ergonomic}
     bool UseCompressedOops                        = true                           {product lp64_product} {ergonomic}
     bool UseG1GC                                  = true                                      {product} {ergonomic}
     bool UseLargePagesIndividualAllocation        = false                                  {pd product} {ergonomic}

Logging:
Log output configuration:
 #0: stdout all=warning uptime,level,tags
 #1: stderr all=off uptime,level,tags

Environment Variables:
PATH=C:\Program Files\Common Files\Oracle\Java\javapath;C:\oraclexe\app\oracle\product\10.2.0\server\bin;C:\Windows\system32;C:\Windows;C:\Windows\System32\Wbem;C:\Windows\System32\WindowsPowerShell\v1.0\;C:\Windows\System32\OpenSSH\;C:\Program Files\NVIDIA Corporation\NVIDIA NvDLISR;C:\Program Files\Microsoft SQL Server\Client SDK\ODBC\110\Tools\Binn\;C:\Program Files (x86)\Microsoft SQL Server\120\Tools\Binn\;C:\Program Files\Microsoft SQL Server\120\Tools\Binn\;C:\Program Files\Microsoft SQL Server\120\DTS\Binn\;C:\Program Files (x86)\Windows Kits\8.1\Windows Performance Toolkit\;C:\WINDOWS\system32;C:\WINDOWS;C:\WINDOWS\System32\Wbem;C:\WINDOWS\System32\WindowsPowerShell\v1.0\;C:\WINDOWS\System32\OpenSSH\;C:\Program Files\dotnet\;C:\Program Files\nodejs\;C:\Program Files\MongoDB\Server\5.0\bin;C:\Program Files (x86)\NVIDIA Corporation\PhysX\Common;C:\WINDOWS\system32;C:\WINDOWS;C:\WINDOWS\System32\Wbem;C:\WINDOWS\System32\WindowsPowerShell\v1.0\;C:\WINDOWS\System32\OpenSSH\;C:\Program Files\Git\cmd;C:\oraclexe\app\oracle\product\10.2.0\server\bin;C:\Program Files (x86)\Common Files\Oracle\Java\javapath;C:\Windows\system32;C:\Windows;C:\Windows\System32\Wbem;C:\Windows\System32\WindowsPowerShell\v1.0\;C:\Windows\System32\OpenSSH\;C:\Program Files (x86)\NVIDIA Corporation\PhysX\Common;C:\Program Files\NVIDIA Corporation\NVIDIA NvDLISR;C:\Program Files\Microsoft SQL Server\Client SDK\ODBC\110\Tools\Binn\;C:\Program Files (x86)\Microsoft SQL Server\120\Tools\Binn\;C:\Program Files\Microsoft SQL Server\120\Tools\Binn\;C:\Program Files\Microsoft SQL Server\120\DTS\Binn\;C:\Program Files (x86)\Windows Kits\8.1\Windows Performance Toolkit\;C:\WINDOWS\system32;C:\WINDOWS;C:\WINDOWS\System32\Wbem;C:\WINDOWS\System32\WindowsPowerShell\v1.0\;C:\WINDOWS\System32\OpenSSH\;C:\Users\91709\AppData\Local\Microsoft\WindowsApps;C:\Python97\Scripts;C:\Users\91709\AppData\Local\Programs\Microsoft VS Code\bin;C:\MinGW;C:\Users\91709\AppData\Roaming\npm;C:\Program Files (x86)\Nmap;C:\User
USERNAME=91709
OS=Windows_NT
PROCESSOR_IDENTIFIER=Intel64 Family 6 Model 165 Stepping 2, GenuineIntel
TMP=C:\Users\91709\AppData\Local\Temp
TEMP=C:\Users\91709\AppData\Local\Temp



---------------  S Y S T E M  ---------------

OS:
 Windows 11 , 64 bit Build 22621 (10.0.22621.1778)
OS uptime: 3 days 17:27 hours
Hyper-V role detected

CPU: total 12 (initial active 12) (6 cores per cpu, 2 threads per core) family 6 model 165 stepping 2 microcode 0xf4, cx8, cmov, fxsr, ht, mmx, 3dnowpref, sse, sse2, sse3, ssse3, sse4.1, sse4.2, popcnt, lzcnt, tsc, tscinvbit, avx, avx2, aes, erms, clmul, bmi1, bmi2, adx, fma, vzeroupper, clflush, clflushopt, hv

Memory: 4k page, system-wide physical 3889M (116M free)
TotalPageFile size 15665M (AvailPageFile size 0M)
current process WorkingSet (physical memory assigned to process): 269M, peak: 285M
current process commit charge ("private bytes"): 322M, peak: 334M

vm_info: OpenJDK 64-Bit Server VM (17.0.6+0-b2043.56-9586694) for windows-amd64 JRE (17.0.6+0-b2043.56-9586694), built on Feb  9 2023 20:06:20 by "androidbuild" with MS VC++ 16.10 / 16.11 (VS2019)

END.
